{"type":"server-started","port":59789,"host":"127.0.0.1","url_host":"localhost","url":"http://localhost:59789","screen_dir":"/Users/aldo/Aldo_en_mi_mac/ADNDigital/SACOM-modulo-free-account/.superpowers/brainstorm/20348-1781139046/content","state_dir":"/Users/aldo/Aldo_en_mi_mac/ADNDigital/SACOM-modulo-free-account/.superpowers/brainstorm/20348-1781139046/state"}
{"type":"screen-added","file":"/Users/aldo/Aldo_en_mi_mac/ADNDigital/SACOM-modulo-free-account/.superpowers/brainstorm/20348-1781139046/content/dashboard-direction.html"}
{"source":"user-event","type":"click","text":"SECCIÓN AMARILLA\n      \n      \n        \n          CLICS HOY\n          2,847\n        \n        \n          IMPRESIONES\n          14.2K\n        \n        \n          NEGOCIOS\n          3\n        \n      \n      \n        \n      \n    \n    \n      Dark Professional\n      Fondo oscuro, acentos en amarillo SA. Sensación premium, datos que resaltan. Ideal para dashboards analíticos.","choice":"corporate","id":null,"timestamp":1781139107292}
{"source":"user-event","type":"click","text":"SECCIÓN AMARILLA\n      \n      \n        \n          CLICS HOY\n          2,847\n        \n        \n          IMPRESIONES\n          14.2K\n        \n        \n          NEGOCIOS\n          3\n        \n      \n      \n        \n      \n    \n    \n      Dark Professional\n      Fondo oscuro, acentos en amarillo SA. Sensación premium, datos que resaltan. Ideal para dashboards analíticos.","choice":"corporate","id":null,"timestamp":1781139282426}
{"source":"user-event","type":"click","text":"SECCIÓN AMARILLA\n      \n      \n        \n          CLICS HOY\n          2,847\n        \n        \n          IMPRESIONES\n          14.2K\n        \n        \n          NEGOCIOS\n          3\n        \n      \n      \n        \n      \n    \n    \n      Dark Professional\n      Fondo oscuro, acentos en amarillo SA. Sensación premium, datos que resaltan. Ideal para dashboards analíticos.","choice":"corporate","id":null,"timestamp":1781139283031}
{"source":"user-event","type":"click","text":"SECCIÓN AMARILLA\n      \n      \n        \n          CLICS HOY\n          2,847\n        \n        \n          IMPRESIONES\n          14.2K\n        \n        \n          NEGOCIOS\n          3\n        \n      \n      \n        \n      \n    \n    \n      Dark Professional\n      Fondo oscuro, acentos en amarillo SA. Sensación premium, datos que resaltan. Ideal para dashboards analíticos.","choice":"corporate","id":null,"timestamp":1781139283234}
{"source":"user-event","type":"click","text":"SECCIÓN AMARILLA\n      \n      \n        \n          CLICS HOY\n          2,847\n        \n        \n          IMPRESIONES\n          14.2K\n        \n        \n          NEGOCIOS\n          3\n        \n      \n      \n        \n      \n    \n    \n      Dark Professional\n      Fondo oscuro, acentos en amarillo SA. Sensación premium, datos que resaltan. Ideal para dashboards analíticos.","choice":"corporate","id":null,"timestamp":1781139318321}
{"source":"user-event","type":"click","text":"SECCIÓN AMARILLA\n      \n      \n        \n          CLICS HOY\n          2,847\n        \n        \n          IMPRESIONES\n          14.2K\n        \n        \n          NEGOCIOS\n          3\n        \n      \n      \n        \n      \n    \n    \n      Dark Professional\n      Fondo oscuro, acentos en amarillo SA. Sensación premium, datos que resaltan. Ideal para dashboards analíticos.","choice":"corporate","id":null,"timestamp":1781139318527}
{"source":"user-event","type":"click","text":"SECCIÓN AMARILLA\n      \n      \n        \n          CLICS HOY\n          2,847\n        \n        \n          IMPRESIONES\n          14.2K\n        \n        \n          NEGOCIOS\n          3\n        \n      \n      \n        \n      \n    \n    \n      Dark Professional\n      Fondo oscuro, acentos en amarillo SA. Sensación premium, datos que resaltan. Ideal para dashboards analíticos.","choice":"corporate","id":null,"timestamp":1781139319304}
{"source":"user-event","type":"click","text":"SECCIÓN AMARILLA\n      \n      \n        \n          CLICS HOY\n          2,847\n        \n        \n          IMPRESIONES\n          14.2K\n        \n        \n          NEGOCIOS\n          3\n        \n      \n      \n        \n      \n    \n    \n      Dark Professional\n      Fondo oscuro, acentos en amarillo SA. Sensación premium, datos que resaltan. Ideal para dashboards analíticos.","choice":"corporate","id":null,"timestamp":1781139319507}
{"source":"user-event","type":"click","text":"Mi Panel\n        \n        \n      \n      \n        \n          Clics totales\n          2,847\n          ↑ 12% esta semana\n        \n        \n          Impresiones\n          14.2K\n          ↓ 3% esta semana\n        \n      \n      \n        Mis negocios\n        \n          🍕 Taquería\n          💻 Tech Shop\n        \n      \n    \n    \n      Light & Clean\n      Fondo blanco/gris claro, tarjetas con sombra suave, tendencias con flechas. Moderno, familiar, fácil de leer.","choice":"clean","id":null,"timestamp":1781139320156}
{"source":"user-event","type":"click","text":"SECCIÓN AMARILLA\n      \n      \n        \n          CLICS HOY\n          2,847\n        \n        \n          IMPRESIONES\n          14.2K\n        \n        \n          NEGOCIOS\n          3\n        \n      \n      \n        \n      \n    \n    \n      Dark Professional\n      Fondo oscuro, acentos en amarillo SA. Sensación premium, datos que resaltan. Ideal para dashboards analíticos.","choice":"corporate","id":null,"timestamp":1781139320747}
{"type":"screen-added","file":"/Users/aldo/Aldo_en_mi_mac/ADNDigital/SACOM-modulo-free-account/.superpowers/brainstorm/20348-1781139046/content/metrics-scope.html"}
{"source":"user-event","type":"click","text":"A\n    \n      Opción A — Global con selector\n      Métricas combinadas. Dropdown para filtrar por un negocio específico. Lista de negocios con clics rápidos.","choice":"A","id":null,"timestamp":1781139441942}
{"source":"user-event","type":"click","text":"A\n    \n      Opción A — Global con selector\n      Métricas combinadas. Dropdown para filtrar por un negocio específico. Lista de negocios con clics rápidos.","choice":"A","id":null,"timestamp":1781139443082}
{"source":"user-event","type":"click","text":"B\n    \n      Opción B — Grid de tarjetas individuales\n      KPIs globales + gráfica arriba. Grid de tarjetas debajo, cada una con los datos de un negocio. Botón \"Agregar negocio\".","choice":"B","id":null,"timestamp":1781139450691}
{"source":"user-event","type":"click","text":"A\n    \n      Opción A — Global con selector\n      Métricas combinadas. Dropdown para filtrar por un negocio específico. Lista de negocios con clics rápidos.","choice":"A","id":null,"timestamp":1781139470266}
{"type":"screen-added","file":"/Users/aldo/Aldo_en_mi_mac/ADNDigital/SACOM-modulo-free-account/.superpowers/brainstorm/20348-1781139046/content/dashboard-direction-v2.html"}
{"type":"screen-added","file":"/Users/aldo/Aldo_en_mi_mac/ADNDigital/SACOM-modulo-free-account/.superpowers/brainstorm/20348-1781139046/content/sa-dashboard-real.html"}
{"source":"user-event","type":"click","text":"✓\n      \n        Sí, es la dirección correcta\n        Seguimos refinando desde aquí — layout, detalles de componentes, navegación.","choice":"yes","id":null,"timestamp":1781139873487}
{"type":"screen-added","file":"/Users/aldo/Aldo_en_mi_mac/ADNDigital/SACOM-modulo-free-account/.superpowers/brainstorm/20348-1781139046/content/waiting-1.html"}
{"type":"screen-added","file":"/Users/aldo/Aldo_en_mi_mac/ADNDigital/SACOM-modulo-free-account/.superpowers/brainstorm/20348-1781139046/content/business-detail-view.html"}
{"source":"user-event","type":"click","text":"A\n    Drawer lateralSin salir del dashboard principal. Rápido, contextual.","choice":"A","id":null,"timestamp":1781140088697}
{"type":"screen-added","file":"/Users/aldo/Aldo_en_mi_mac/ADNDigital/SACOM-modulo-free-account/.superpowers/brainstorm/20348-1781139046/content/waiting-2.html"}
{"type":"screen-added","file":"/Users/aldo/Aldo_en_mi_mac/ADNDigital/SACOM-modulo-free-account/.superpowers/brainstorm/20348-1781139046/content/design-system.html"}
{"source":"user-event","type":"click","text":"✓\n      \n        Sistema aprobado — continuar con layout\n        Paleta, tipografía, botones y tarjetas correctos.","choice":"approved","id":null,"timestamp":1781141016431}
{"type":"screen-added","file":"/Users/aldo/Aldo_en_mi_mac/ADNDigital/SACOM-modulo-free-account/.superpowers/brainstorm/20348-1781139046/content/dashboard-layout.html"}
{"source":"user-event","type":"click","text":"✓\n      \n        Layout aprobado — continuar con drawer\n        La página principal se ve correcta. Seguimos con el diseño del drawer lateral.","choice":"approved","id":null,"timestamp":1781141185879}
{"type":"screen-added","file":"/Users/aldo/Aldo_en_mi_mac/ADNDigital/SACOM-modulo-free-account/.superpowers/brainstorm/20348-1781139046/content/bento-dashboard.html"}
{"type":"screen-added","file":"/Users/aldo/Aldo_en_mi_mac/ADNDigital/SACOM-modulo-free-account/.superpowers/brainstorm/20348-1781139046/content/drawer-modes.html"}
{"type":"screen-added","file":"/Users/aldo/Aldo_en_mi_mac/ADNDigital/SACOM-modulo-free-account/.superpowers/brainstorm/20348-1781139046/content/waiting-3.html"}
{"type":"server-stopped","reason":"idle timeout"}
